<?xml version="1.0" encoding="UTF-8"?>
<!-- Generated by org.testng.reporters.JUnitReportReporter -->
<testsuite hostname="IE1FLT9SR9K63" failures="0" tests="6" name="com.multisense.testcases.MobileCommunicationServerTest" time="165.301" errors="0" timestamp="2022-05-11T23:19:27 IST" skipped="0">
  <testcase classname="com.multisense.testcases.MobileCommunicationServerTest" name="verifyAndSelectMobileCommunicationServer" time="90.484"/>
  <system-out>
    <![CDATA[Starting testcase select Mobile Communication Servers<br/>]]>
  </system-out>
  <testcase classname="com.multisense.testcases.MobileCommunicationServerTest" name="CreatedMobileCommunicationServer" time="14.029"/>
  <system-out>
    <![CDATA[Starting testcase Create Mobile Communication Servers<br/>]]>
  </system-out>
  <testcase classname="com.multisense.testcases.MobileCommunicationServerTest" name="activationMobileCommunicationServer" time="10.978"/>
  <system-out>
    <![CDATA[Starting testcase Activate Mobile Communication Servers<br/>]]>
  </system-out>
  <testcase classname="com.multisense.testcases.MobileCommunicationServerTest" name="editionMobileCommunicationServer" time="25.752"/>
  <system-out>
    <![CDATA[Starting testcase Edit Mobile Communication Servers<br/>]]>
  </system-out>
  <testcase classname="com.multisense.testcases.MobileCommunicationServerTest" name="deactivedMobileCommunicationServer" time="10.599"/>
  <system-out>
    <![CDATA[Starting testcase Deactivate Mobile Communication Servers<br/>]]>
  </system-out>
  <testcase classname="com.multisense.testcases.MobileCommunicationServerTest" name="removedMobileCommunicationServer" time="13.459"/>
  <system-out>
    <![CDATA[Starting testcase Remove Mobile Communication Servers<br/>]]>
  </system-out>
</testsuite> <!-- com.multisense.testcases.MobileCommunicationServerTest -->
