<?xml version="1.0" encoding="UTF-8"?>
<!-- Generated by org.testng.reporters.JUnitReportReporter -->
<testsuite hostname="IE1FLT9SR9K63" failures="0" tests="5" name="com.ConnexoAdmin.testcases.MessageQueuesTest" time="92.738" errors="0" timestamp="2022-05-11T23:19:27 IST" skipped="0">
  <testcase classname="com.ConnexoAdmin.testcases.MessageQueuesTest" name="verifyAndSelectMessageQueues" time="58.601"/>
  <system-out>
    <![CDATA[Starting testcase Verify and Select Message queues<br/>]]>
  </system-out>
  <testcase classname="com.ConnexoAdmin.testcases.MessageQueuesTest" name="CreatedMessageQueues" time="11.002"/>
  <system-out>
    <![CDATA[Starting testcase Create Message queues<br/>]]>
  </system-out>
  <testcase classname="com.ConnexoAdmin.testcases.MessageQueuesTest" name="MonitorMessageQueues" time="5.209"/>
  <system-out>
    <![CDATA[Starting testcase Monitor Message queues<br/>]]>
  </system-out>
  <testcase classname="com.ConnexoAdmin.testcases.MessageQueuesTest" name="ClearErrorMessageQueue" time="6.435"/>
  <system-out>
    <![CDATA[Starting testcase Clear ErrorMessage Queue<br/>]]>
  </system-out>
  <testcase classname="com.ConnexoAdmin.testcases.MessageQueuesTest" name="RemovedMessageQueues" time="11.491"/>
  <system-out>
    <![CDATA[Starting testcase Remove Message queues<br/>]]>
  </system-out>
</testsuite> <!-- com.ConnexoAdmin.testcases.MessageQueuesTest -->
