<?xml version="1.0" encoding="UTF-8"?>
<!-- Generated by org.testng.reporters.JUnitReportReporter -->
<testsuite hostname="IE1FLT9SR9K63" failures="0" tests="4" name="com.Workspace.testcases.WorkspaceDataexchangeTest" time="108.044" errors="0" timestamp="2022-05-11T23:19:27 IST" skipped="1">
  <testcase classname="com.Workspace.testcases.WorkspaceDataexchangeTest" name="WorkspaceDataExchangeopenExportHistoryLink" time="90.996"/>
  <system-out>
    <![CDATA[Staring testcase workspace Data Exchange<br/>]]>
  </system-out>
  <testcase classname="com.Workspace.testcases.WorkspaceDataexchangeTest" name="WorkspaceDataExchangeopenImportHistoryLink" time="8.040"/>
  <system-out>
    <![CDATA[Staring testcase workspace Data Exchange ImportHistoryLink<br/>
Starting testcase Verify Data Exchange Import History  page<br/>]]>
  </system-out>
  <testcase classname="com.Workspace.testcases.WorkspaceDataexchangeTest" name="WorkspaceDataExchangeClickUploadLink" time="9.008"/>
  <system-out/>
  <testcase classname="com.Workspace.testcases.WorkspaceDataexchangeTest" name="WorkspaceDataExchange">
    <skipped/>
  </testcase> <!-- WorkspaceDataExchange -->
  <system-out/>
</testsuite> <!-- com.Workspace.testcases.WorkspaceDataexchangeTest -->
