<?xml version="1.0" encoding="UTF-8"?>
<!-- Generated by org.testng.reporters.JUnitReportReporter -->
<testsuite hostname="IE1FLT9SR9K63" failures="0" tests="2" name="com.Workspace.testcases.AlarmsSelectionTest" time="92.184" errors="0" timestamp="2022-05-11T23:19:27 IST" skipped="0">
  <testcase classname="com.Workspace.testcases.AlarmsSelectionTest" name="verifyNavigationToAlarmsPage" time="85.020"/>
  <system-out>
    <![CDATA[Starting testcase Verify Navigation to Workspace Alarms page<br/>]]>
  </system-out>
  <testcase classname="com.Workspace.testcases.AlarmsSelectionTest" name="selectStatusAndApply" time="7.164"/>
  <system-out>
    <![CDATA[Starting test case select Alarm Filter And Apply<br/>]]>
  </system-out>
</testsuite> <!-- com.Workspace.testcases.AlarmsSelectionTest -->
