<?xml version="1.0" encoding="UTF-8"?>
<!-- Generated by org.testng.reporters.JUnitReportReporter -->
<testsuite hostname="IE1FLT9SR9K63" failures="0" tests="4" name="com.multisense.testcases.LoadProfileTypesTest" time="155.089" errors="0" timestamp="2022-05-11T23:19:27 IST" skipped="0">
  <testcase classname="com.multisense.testcases.LoadProfileTypesTest" name="LoadProfileType" time="88.665"/>
  <system-out>
    <![CDATA[Starting Test case Load profile type<br/>]]>
  </system-out>
  <testcase classname="com.multisense.testcases.LoadProfileTypesTest" name="addloadprofileType" time="9.178"/>
  <system-out>
    <![CDATA[Starting Test case Add Load profile type<br/>]]>
  </system-out>
  <testcase classname="com.multisense.testcases.LoadProfileTypesTest" name="editloadprofileType" time="33.452"/>
  <system-out>
    <![CDATA[Starting Test case Edit Load profile type<br/>]]>
  </system-out>
  <testcase classname="com.multisense.testcases.LoadProfileTypesTest" name="removeOnlineLoadProfiletype" time="23.794"/>
  <system-out>
    <![CDATA[Starting Test case Remove Load profile type<br/>]]>
  </system-out>
</testsuite> <!-- com.multisense.testcases.LoadProfileTypesTest -->
