<?xml version="1.0" encoding="UTF-8"?>
<!-- Generated by org.testng.reporters.JUnitReportReporter -->
<testsuite hostname="IE1FLT9SR9K63" failures="0" tests="4" name="com.ConnexoAdmin.testcases.UserDirectoriesTest" time="81.849" errors="0" timestamp="2022-05-11T23:19:27 IST" skipped="0">
  <testcase classname="com.ConnexoAdmin.testcases.UserDirectoriesTest" name="UserDirectories" time="55.526"/>
  <system-out>
    <![CDATA[Starting testcase User Directories<br/>]]>
  </system-out>
  <testcase classname="com.ConnexoAdmin.testcases.UserDirectoriesTest" name="clickAdduserdirectory" time="2.696"/>
  <system-out>
    <![CDATA[Starting testcase Click Add User Directories<br/>]]>
  </system-out>
  <testcase classname="com.ConnexoAdmin.testcases.UserDirectoriesTest" name="Adduserdirectory" time="8.937"/>
  <system-out>
    <![CDATA[Starting testcase Add User Directories<br/>]]>
  </system-out>
  <testcase classname="com.ConnexoAdmin.testcases.UserDirectoriesTest" name="Removeuserdirectory" time="14.690"/>
  <system-out>
    <![CDATA[Starting testcase Add Remove user Directory<br/>]]>
  </system-out>
</testsuite> <!-- com.ConnexoAdmin.testcases.UserDirectoriesTest -->
