<?xml version="1.0" encoding="UTF-8"?>
<!-- Generated by org.testng.reporters.JUnitReportReporter -->
<testsuite hostname="IE1FLT9SR9K63" failures="0" tests="4" name="com.ConnexoAdmin.testcases.WorkGroupsTest" time="73.598" errors="0" timestamp="2022-05-11T23:19:27 IST" skipped="0">
  <testcase classname="com.ConnexoAdmin.testcases.WorkGroupsTest" name="clickWorkGroup" time="53.044"/>
  <system-out>
    <![CDATA[Starting Testcase Click Workgroup<br/>]]>
  </system-out>
  <testcase classname="com.ConnexoAdmin.testcases.WorkGroupsTest" name="clickAddWorkGroups" time="1.701"/>
  <system-out>
    <![CDATA[Starting Testcase Click Add Workgroup<br/>]]>
  </system-out>
  <testcase classname="com.ConnexoAdmin.testcases.WorkGroupsTest" name="AddWorkGroups" time="5.950"/>
  <system-out>
    <![CDATA[Starting Testcase Add Workgroup<br/>]]>
  </system-out>
  <testcase classname="com.ConnexoAdmin.testcases.WorkGroupsTest" name="removeWorkGroup" time="12.903"/>
  <system-out>
    <![CDATA[Starting Testcase Remove Workgroup<br/>]]>
  </system-out>
</testsuite> <!-- com.ConnexoAdmin.testcases.WorkGroupsTest -->
