<?xml version="1.0" encoding="UTF-8"?>
<!-- Generated by org.testng.reporters.JUnitReportReporter -->
<testsuite hostname="IE1FLT9SR9K63" failures="0" tests="6" name="com.multisense.testcases.CommunicationPortPoolsTest" time="148.147" errors="0" timestamp="2022-05-11T23:19:27 IST" skipped="0">
  <testcase classname="com.multisense.testcases.CommunicationPortPoolsTest" name="verifyAndSelectCommunicationPortPools" time="90.930"/>
  <system-out>
    <![CDATA[Starting testcase Select Communication port pools<br/>]]>
  </system-out>
  <testcase classname="com.multisense.testcases.CommunicationPortPoolsTest" name="CreatedCommunicationPortPools" time="12.780"/>
  <system-out>
    <![CDATA[Starting testcase Create Communication Port Pools<br/>]]>
  </system-out>
  <testcase classname="com.multisense.testcases.CommunicationPortPoolsTest" name="changedperpageCommunicationPortPools" time="8.549"/>
  <system-out>
    <![CDATA[Starting testcase change per page Communication PortPools<br/>]]>
  </system-out>
  <testcase classname="com.multisense.testcases.CommunicationPortPoolsTest" name="activationCommunicationPortPools" time="11.116"/>
  <system-out>
    <![CDATA[Starting testcase Activate Communication Port Pools<br/>]]>
  </system-out>
  <testcase classname="com.multisense.testcases.CommunicationPortPoolsTest" name="deactivedCommunicationPortPools" time="10.716"/>
  <system-out>
    <![CDATA[Starting testcase Deactivateg the Instances of Communication Port Pools<br/>]]>
  </system-out>
  <testcase classname="com.multisense.testcases.CommunicationPortPoolsTest" name="removedCommunicationPortPools" time="14.056"/>
  <system-out>
    <![CDATA[Removing the Instances of Communication Port Pools<br/>]]>
  </system-out>
</testsuite> <!-- com.multisense.testcases.CommunicationPortPoolsTest -->
