<?xml version="1.0" encoding="UTF-8"?>
<!-- Generated by org.testng.reporters.JUnitReportReporter -->
<testsuite hostname="IE1FLT9SR9K63" failures="0" tests="6" name="com.ConnexoAdmin.testcases.ApplicationServersTest" time="121.463" errors="0" timestamp="2022-05-11T23:19:27 IST" skipped="0">
  <testcase classname="com.ConnexoAdmin.testcases.ApplicationServersTest" name="verifyAndSelectMessageQueues" time="54.851"/>
  <system-out>
    <![CDATA[Executing testcase verify And SelectMessageQueues<br/>]]>
  </system-out>
  <testcase classname="com.ConnexoAdmin.testcases.ApplicationServersTest" name="CreatedApplicationServers" time="12.478"/>
  <system-out>
    <![CDATA[Verify Create Application Servers<br/>]]>
  </system-out>
  <testcase classname="com.ConnexoAdmin.testcases.ApplicationServersTest" name="activationApplicationServers" time="10.008"/>
  <system-out>
    <![CDATA[Verify Activate Application Servers<br/>]]>
  </system-out>
  <testcase classname="com.ConnexoAdmin.testcases.ApplicationServersTest" name="deactivednApplicationServers" time="9.914"/>
  <system-out>
    <![CDATA[Verify Deactivate Application Servers<br/>]]>
  </system-out>
  <testcase classname="com.ConnexoAdmin.testcases.ApplicationServersTest" name="editionnApplicationServers" time="18.000"/>
  <system-out>
    <![CDATA[Verify Save Application Servers<br/>]]>
  </system-out>
  <testcase classname="com.ConnexoAdmin.testcases.ApplicationServersTest" name="removedApplicationServer" time="16.212"/>
  <system-out>
    <![CDATA[Verify remove Application Servers<br/>]]>
  </system-out>
</testsuite> <!-- com.ConnexoAdmin.testcases.ApplicationServersTest -->
