<?xml version="1.0" encoding="UTF-8"?>
<!-- Generated by org.testng.reporters.JUnitReportReporter -->
<testsuite hostname="IE1FLT9SR9K63" failures="0" tests="4" name="com.multisense.testcases.DataCollectionKPIsTest" time="137.843" errors="0" timestamp="2022-05-11T23:19:27 IST" skipped="0">
  <testcase classname="com.multisense.testcases.DataCollectionKPIsTest" name="clickonDatacollectionKPIs" time="92.732"/>
  <system-out>
    <![CDATA[Starting testcase Data Collection KPI verify And Change Per Page<br/>]]>
  </system-out>
  <testcase classname="com.multisense.testcases.DataCollectionKPIsTest" name="clickAddDatacollectionKPI" time="0.807"/>
  <system-out>
    <![CDATA[Starting testcase Adding Data collection KPI<br/>]]>
  </system-out>
  <testcase classname="com.multisense.testcases.DataCollectionKPIsTest" name="CreateDatacollectionKPI" time="34.108"/>
  <system-out>
    <![CDATA[Starting testcase Adding Data collection KPI<br/>]]>
  </system-out>
  <testcase classname="com.multisense.testcases.DataCollectionKPIsTest" name="RemoveDatacollectionKPI" time="10.196"/>
  <system-out>
    <![CDATA[Starting testcase Remove Datacollection KPI<br/>]]>
  </system-out>
</testsuite> <!-- com.multisense.testcases.DataCollectionKPIsTest -->
