<?xml version="1.0" encoding="UTF-8"?>
<!-- Generated by org.testng.reporters.JUnitReportReporter -->
<testsuite hostname="IE1FLT9SR9K63" failures="0" tests="5" name="com.ConnexoAdmin.testcases.RolesTest" time="101.780" errors="0" timestamp="2022-05-11T23:19:27 IST" skipped="0">
  <testcase classname="com.ConnexoAdmin.testcases.RolesTest" name="Roles" time="52.587"/>
  <system-out>
    <![CDATA[Starting Testcase Roles Test <br/>]]>
  </system-out>
  <testcase classname="com.ConnexoAdmin.testcases.RolesTest" name="clickAddRoles" time="1.587"/>
  <system-out>
    <![CDATA[Starting Testcase Add Roles Test <br/>]]>
  </system-out>
  <testcase classname="com.ConnexoAdmin.testcases.RolesTest" name="clickRolename" time="14.442"/>
  <system-out>
    <![CDATA[Starting Testcase Click Role Name <br/>]]>
  </system-out>
  <testcase classname="com.ConnexoAdmin.testcases.RolesTest" name="editRoleName" time="16.986"/>
  <system-out>
    <![CDATA[Starting Testcase Edit Role Name <br/>]]>
  </system-out>
  <testcase classname="com.ConnexoAdmin.testcases.RolesTest" name="removerolename" time="16.178"/>
  <system-out>
    <![CDATA[Starting Testcase Remove Role Name <br/>]]>
  </system-out>
</testsuite> <!-- com.ConnexoAdmin.testcases.RolesTest -->
