<?xml version="1.0" encoding="UTF-8"?>
<!-- Generated by org.testng.reporters.JUnitReportReporter -->
<testsuite hostname="IE1FLT9SR9K63" failures="0" tests="5" name="com.multisense.testcases.TaskManagmentTest" time="160.600" errors="0" timestamp="2022-05-11T23:19:27 IST" skipped="0">
  <testcase classname="com.multisense.testcases.TaskManagmentTest" name="verifyAndChangeTasksManagement" time="99.375"/>
  <system-out>
    <![CDATA[Starting Test case Change Task Management<br/>]]>
  </system-out>
  <testcase classname="com.multisense.testcases.TaskManagmentTest" name="CreatedTaskManagement" time="24.798"/>
  <system-out>
    <![CDATA[Starting Test case Create Task Management<br/>]]>
  </system-out>
  <testcase classname="com.multisense.testcases.TaskManagmentTest" name="RunTaskManagement" time="15.645"/>
  <system-out>
    <![CDATA[Starting Test case Run Task Management<br/>]]>
  </system-out>
  <testcase classname="com.multisense.testcases.TaskManagmentTest" name="ChangingDropDownperpage" time="3.747"/>
  <system-out>
    <![CDATA[Starting Test case Change Drop Down Page of Task Management<br/>]]>
  </system-out>
  <testcase classname="com.multisense.testcases.TaskManagmentTest" name="SuspendTaskManagement" time="17.035"/>
  <system-out>
    <![CDATA[Starting Test case Suspend Task Management<br/>]]>
  </system-out>
</testsuite> <!-- com.multisense.testcases.TaskManagmentTest -->
