<?xml version="1.0" encoding="UTF-8"?>
<!-- Generated by org.testng.reporters.JUnitReportReporter -->
<testsuite hostname="IE1FLT9SR9K63" failures="0" tests="12" name="com.DevicesAndSearch.testcases.MultisenseSearchTest" time="486.830" errors="0" timestamp="2022-05-11T23:19:27 IST" skipped="0">
  <testcase classname="com.DevicesAndSearch.testcases.MultisenseSearchTest" name="clickSearch" time="152.393"/>
  <system-out>
    <![CDATA[Starting testcase : click on search field<br/>]]>
  </system-out>
  <testcase classname="com.DevicesAndSearch.testcases.MultisenseSearchTest" name="selectDeviceAndSearch" time="28.579"/>
  <system-out>
    <![CDATA[Starting testcase : Select all device types and select electricity devices and click on search<br/>]]>
  </system-out>
  <testcase classname="com.DevicesAndSearch.testcases.MultisenseSearchTest" name="countAndselect" time="36.354"/>
  <system-out>
    <![CDATA[Starting testcase : Select 1000 and Click count from the search results per page<br/>]]>
  </system-out>
  <testcase classname="com.DevicesAndSearch.testcases.MultisenseSearchTest" name="columnSelect" time="29.102"/>
  <system-out>
    <![CDATA[Starting testcase : Click on columns and select two more options from drop down and click on Done<br/>]]>
  </system-out>
  <testcase classname="com.DevicesAndSearch.testcases.MultisenseSearchTest" name="setBulkAction" time="42.584"/>
  <system-out>
    <![CDATA[Starting testcase Click on BulkAction<br/>]]>
  </system-out>
  <testcase classname="com.DevicesAndSearch.testcases.MultisenseSearchTest" name="selectCommunicationSchedule" time="29.467"/>
  <system-out>
    <![CDATA[Starting testcase Select communication schedule<br/>]]>
  </system-out>
  <testcase classname="com.DevicesAndSearch.testcases.MultisenseSearchTest" name="removeOldScheduleandConfirm" time="26.095"/>
  <system-out>
    <![CDATA[Starting testcase Click on Remove old shared communication schedule<br/>]]>
  </system-out>
  <testcase classname="com.DevicesAndSearch.testcases.MultisenseSearchTest" name="addCriteriaCommunicationTask" time="43.329"/>
  <system-out>
    <![CDATA[Starting testcase Add Criteria<br/>]]>
  </system-out>
  <testcase classname="com.DevicesAndSearch.testcases.MultisenseSearchTest" name="ClickBulkActionItem" time="8.068"/>
  <system-out>
    <![CDATA[Starting testcase Perform Bulk Action<br/>]]>
  </system-out>
  <testcase classname="com.DevicesAndSearch.testcases.MultisenseSearchTest" name="ClickCreateIssue" time="31.909"/>
  <system-out>
    <![CDATA[Starting testcase Click Create Issue<br/>]]>
  </system-out>
  <testcase classname="com.DevicesAndSearch.testcases.MultisenseSearchTest" name="fillupIssueFormandFinish" time="42.109"/>
  <system-out>
    <![CDATA[Starting testcase Fill Issue Form And Confirm<br/>]]>
  </system-out>
  <testcase classname="com.DevicesAndSearch.testcases.MultisenseSearchTest" name="ClickConfirmAndFinish" time="16.841"/>
  <system-out>
    <![CDATA[Starting testcase Click Confirm And Finish<br/>]]>
  </system-out>
</testsuite> <!-- com.DevicesAndSearch.testcases.MultisenseSearchTest -->
