<?xml version="1.0" encoding="UTF-8"?>
<!-- Generated by org.testng.reporters.JUnitReportReporter -->
<testsuite hostname="IE1FLT9SR9K63" failures="0" tests="3" name="com.multisense.testcases.CommunicationProtocolTest" time="125.690" errors="0" timestamp="2022-05-11T23:19:27 IST" skipped="0">
  <testcase classname="com.multisense.testcases.CommunicationProtocolTest" name="verifyAndSelectCommunicationProtocol" time="100.117"/>
  <system-out>
    <![CDATA[Starting Communication protocols<br/>]]>
  </system-out>
  <testcase classname="com.multisense.testcases.CommunicationProtocolTest" name="editCommunicationProtocolName" time="13.034"/>
  <system-out>
    <![CDATA[Starting Communication protocols<br/>]]>
  </system-out>
  <testcase classname="com.multisense.testcases.CommunicationProtocolTest" name="devicetimezonedropdwon" time="12.539"/>
  <system-out>
    <![CDATA[Editing Communication protocols<br/>]]>
  </system-out>
</testsuite> <!-- com.multisense.testcases.CommunicationProtocolTest -->
