<?xml version="1.0" encoding="UTF-8"?>
<!-- Generated by org.testng.reporters.JUnitReportReporter -->
<testsuite hostname="IE1FLT9SR9K63" failures="0" tests="3" name="com.multisense.testcases.RegistereddevicesKPIsTest" time="127.704" errors="0" timestamp="2022-05-11T23:19:27 IST" skipped="0">
  <testcase classname="com.multisense.testcases.RegistereddevicesKPIsTest" name="clickonRegistereddevicesKPIs" time="103.719"/>
  <system-out>
    <![CDATA[Starting testcase Registered devices KPIs <br/>]]>
  </system-out>
  <testcase classname="com.multisense.testcases.RegistereddevicesKPIsTest" name="CreateRegistereddevicesKPIs" time="15.636"/>
  <system-out>
    <![CDATA[Starting testcase Adding Registered devices KPI<br/>]]>
  </system-out>
  <testcase classname="com.multisense.testcases.RegistereddevicesKPIsTest" name="removedRegistereddevicesKPI" time="8.349"/>
  <system-out>
    <![CDATA[Starting testcase Removing Data Quality KPI<br/>]]>
  </system-out>
</testsuite> <!-- com.multisense.testcases.RegistereddevicesKPIsTest -->
