<?xml version="1.0" encoding="UTF-8"?>
<!-- Generated by org.testng.reporters.JUnitReportReporter -->
<testsuite hostname="IE1FLT9SR9K63" failures="0" tests="2" name="com.ConnexoAdmin.testcases.ImportHistoryTest" time="86.844" errors="0" timestamp="2022-05-11T23:19:27 IST" skipped="0">
  <testcase classname="com.ConnexoAdmin.testcases.ImportHistoryTest" name="verifyAndSelectImportHistory" time="69.586"/>
  <system-out>
    <![CDATA[Starting Instances of Import History<br/>]]>
  </system-out>
  <testcase classname="com.ConnexoAdmin.testcases.ImportHistoryTest" name="ApplyImportHistory" time="17.258"/>
  <system-out>
    <![CDATA[Starting test case Applying Import History<br/>]]>
  </system-out>
</testsuite> <!-- com.ConnexoAdmin.testcases.ImportHistoryTest -->
