<?xml version="1.0" encoding="UTF-8"?>
<!-- Generated by org.testng.reporters.JUnitReportReporter -->
<testsuite hostname="IE1FLT9SR9K63" failures="0" tests="9" name="com.DevicesAndSearch.testcases.DevicesTest" time="134.925" errors="0" timestamp="2022-05-11T23:19:27 IST" skipped="0">
  <testcase classname="com.DevicesAndSearch.testcases.DevicesTest" name="AddDevices" time="89.876"/>
  <system-out>
    <![CDATA[Starting testcase Select AddDevices<br/>]]>
  </system-out>
  <testcase classname="com.DevicesAndSearch.testcases.DevicesTest" name="AddDevicesSpecs" time="5.599"/>
  <system-out>
    <![CDATA[Starting testcase AddDevicesSpecs<br/>]]>
  </system-out>
  <testcase classname="com.DevicesAndSearch.testcases.DevicesTest" name="CreateIssue" time="13.277"/>
  <system-out>
    <![CDATA[Starting testcase Create Issue<br/>]]>
  </system-out>
  <testcase classname="com.DevicesAndSearch.testcases.DevicesTest" name="Deactivate" time="7.151"/>
  <system-out>
    <![CDATA[Starting testcase DeactivateCommbutton<br/>]]>
  </system-out>
  <testcase classname="com.DevicesAndSearch.testcases.DevicesTest" name="Activate" time="8.767"/>
  <system-out>
    <![CDATA[Starting testcase ActivateConnbutton<br/>]]>
  </system-out>
  <testcase classname="com.DevicesAndSearch.testcases.DevicesTest" name="RunNowConnButton" time="3.275"/>
  <system-out/>
  <testcase classname="com.DevicesAndSearch.testcases.DevicesTest" name="ActivateAll" time="1.885"/>
  <system-out>
    <![CDATA[Starting testcase ActivateAllCommbutton<br/>]]>
  </system-out>
  <testcase classname="com.DevicesAndSearch.testcases.DevicesTest" name="DeactivateAll" time="1.663"/>
  <system-out/>
  <testcase classname="com.DevicesAndSearch.testcases.DevicesTest" name="RunNowCommButton" time="3.432"/>
  <system-out/>
</testsuite> <!-- com.DevicesAndSearch.testcases.DevicesTest -->
