<?xml version="1.0" encoding="UTF-8"?>
<!-- Generated by org.testng.reporters.JUnitReportReporter -->
<testsuite hostname="IE1FLT9SR9K63" failures="0" tests="7" name="com.multisense.testcases.EstimateRuleSetTest" time="153.254" errors="0" timestamp="2022-05-11T23:19:27 IST" skipped="0">
  <testcase classname="com.multisense.testcases.EstimateRuleSetTest" name="clickAddEstimationRuleSet" time="86.703"/>
  <system-out>
    <![CDATA[Starting Test case Click Estimation RuleSet Set<br/>]]>
  </system-out>
  <testcase classname="com.multisense.testcases.EstimateRuleSetTest" name="createEstimationRuleset" time="14.392"/>
  <system-out>
    <![CDATA[Starting Test case Create Estimation RuleSet Set<br/>]]>
  </system-out>
  <testcase classname="com.multisense.testcases.EstimateRuleSetTest" name="clickOnEditEstimateRuleSet" time="16.047"/>
  <system-out>
    <![CDATA[Starting Test case Edit Estimation RuleSet Set<br/>]]>
  </system-out>
  <testcase classname="com.multisense.testcases.EstimateRuleSetTest" name="ActivateEstimationRule" time="6.690"/>
  <system-out>
    <![CDATA[Activate Estimation Rule Set<br/>]]>
  </system-out>
  <testcase classname="com.multisense.testcases.EstimateRuleSetTest" name="DectivateEstimationRule" time="5.090"/>
  <system-out>
    <![CDATA[Deactivate Estimation Rule Set<br/>]]>
  </system-out>
  <testcase classname="com.multisense.testcases.EstimateRuleSetTest" name="EditEstimationRule" time="18.620"/>
  <system-out>
    <![CDATA[Edit Estimation Rule Set<br/>]]>
  </system-out>
  <testcase classname="com.multisense.testcases.EstimateRuleSetTest" name="RemoveEstimationRule" time="5.712"/>
  <system-out>
    <![CDATA[Remove Estimation Rule Set<br/>]]>
  </system-out>
</testsuite> <!-- com.multisense.testcases.EstimateRuleSetTest -->
