<?xml version="1.0" encoding="UTF-8"?>
<!-- Generated by org.testng.reporters.JUnitReportReporter -->
<testsuite hostname="IE1FLT9SR9K63" failures="0" tests="2" name="com.Workspace.testcases.WorkspaceDiviceLifecycleIssueTest" time="131.370" errors="0" timestamp="2022-05-11T23:19:27 IST" skipped="0">
  <testcase classname="com.Workspace.testcases.WorkspaceDiviceLifecycleIssueTest" name="WorkspaceLifeCycleIssue" time="106.543"/>
  <system-out>
    <![CDATA[Staring testcase workspace Lifecycle Issues<br/>]]>
  </system-out>
  <testcase classname="com.Workspace.testcases.WorkspaceDiviceLifecycleIssueTest" name="WorkspaceLifeCycleIssueselectType" time="24.827"/>
  <system-out/>
</testsuite> <!-- com.Workspace.testcases.WorkspaceDiviceLifecycleIssueTest -->
