<?xml version="1.0" encoding="UTF-8"?>
<!-- Generated by org.testng.reporters.JUnitReportReporter -->
<testsuite hostname="IE1FLT9SR9K63" failures="0" tests="3" name="com.Workspace.testcases.ConnectionWorkspaceTest" time="178.093" errors="0" timestamp="2022-05-11T23:19:27 IST" skipped="0">
  <testcase classname="com.Workspace.testcases.ConnectionWorkspaceTest" name="clickonConnection" time="99.345"/>
  <system-out>
    <![CDATA[Starting Test case Click on Connection<br/>]]>
  </system-out>
  <testcase classname="com.Workspace.testcases.ConnectionWorkspaceTest" name="clickonstatusdropdown" time="31.232"/>
  <system-out>
    <![CDATA[Starting Test case Click on Status Dropdown<br/>]]>
  </system-out>
  <testcase classname="com.Workspace.testcases.ConnectionWorkspaceTest" name="ClickOnBulkAction" time="47.516"/>
  <system-out>
    <![CDATA[Starting Test case Click on Bulk Button<br/>]]>
  </system-out>
</testsuite> <!-- com.Workspace.testcases.ConnectionWorkspaceTest -->
