<?xml version="1.0" encoding="UTF-8"?>
<!-- Generated by org.testng.reporters.JUnitReportReporter -->
<testsuite hostname="IE1FLT9SR9K63" failures="0" tests="3" name="com.multisense.testcases.ZoneManagementTest" time="122.553" errors="0" timestamp="2022-05-11T23:19:27 IST" skipped="0">
  <testcase classname="com.multisense.testcases.ZoneManagementTest" name="verifyAndCreatingZone" time="97.457"/>
  <system-out>
    <![CDATA[Starting Test case zones<br/>]]>
  </system-out>
  <testcase classname="com.multisense.testcases.ZoneManagementTest" name="edtingZone" time="13.792"/>
  <system-out>
    <![CDATA[Starting Test case Edit zones<br/>
Starting Test case Edit zones<br/>]]>
  </system-out>
  <testcase classname="com.multisense.testcases.ZoneManagementTest" name="removeZone" time="11.304"/>
  <system-out>
    <![CDATA[Starting Test case Remove zones<br/>]]>
  </system-out>
</testsuite> <!-- com.multisense.testcases.ZoneManagementTest -->
