<?xml version="1.0" encoding="UTF-8"?>
<!-- Generated by org.testng.reporters.JUnitReportReporter -->
<testsuite hostname="IE1FLT9SR9K63" failures="0" tests="1" name="com.Workspace.testcases.Workspace_IssuesPageIssueOverviewTest" time="105.282" errors="0" timestamp="2022-05-11T23:19:27 IST" skipped="0">
  <testcase classname="com.Workspace.testcases.Workspace_IssuesPageIssueOverviewTest" name="clickIssues" time="105.282"/>
  <system-out>
    <![CDATA[Starting testcase Verify Navigation to Issue Overview page<br/>]]>
  </system-out>
</testsuite> <!-- com.Workspace.testcases.Workspace_IssuesPageIssueOverviewTest -->
