<?xml version="1.0" encoding="UTF-8"?>
<!-- Generated by org.testng.reporters.JUnitReportReporter -->
<testsuite hostname="IE1FLT9SR9K63" failures="0" tests="6" name="com.multisense.testcases.ValidationTaskTest" time="162.783" errors="0" timestamp="2022-05-11T23:19:27 IST" skipped="0">
  <testcase classname="com.multisense.testcases.ValidationTaskTest" name="VerifyandSelectValidationTask" time="93.523"/>
  <system-out>
    <![CDATA[Starting Testcase Creation of Validation Tasks<br/>]]>
  </system-out>
  <testcase classname="com.multisense.testcases.ValidationTaskTest" name="CreateValidationTask" time="3.650"/>
  <system-out>
    <![CDATA[Starting Testcase Create Validation Tasks<br/>]]>
  </system-out>
  <testcase classname="com.multisense.testcases.ValidationTaskTest" name="Addvalidationtask" time="6.787"/>
  <system-out>
    <![CDATA[Starting Test case  Add Validation Task<br/>]]>
  </system-out>
  <testcase classname="com.multisense.testcases.ValidationTaskTest" name="EditValidationTask" time="23.598"/>
  <system-out>
    <![CDATA[Starting Testcase Edit Validation Tasks<br/>]]>
  </system-out>
  <testcase classname="com.multisense.testcases.ValidationTaskTest" name="ViewHistoryValidationtask" time="17.637"/>
  <system-out>
    <![CDATA[Starting Testcase View History Validation Tasks<br/>]]>
  </system-out>
  <testcase classname="com.multisense.testcases.ValidationTaskTest" name="removedvalidationTask" time="17.588"/>
  <system-out>
    <![CDATA[Starting Testcase Remove Validation Tasks<br/>]]>
  </system-out>
</testsuite> <!-- com.multisense.testcases.ValidationTaskTest -->
