<?xml version="1.0" encoding="UTF-8"?>
<!-- Generated by org.testng.reporters.JUnitReportReporter -->
<testsuite hostname="IE1FLT9SR9K63" failures="0" tests="8" name="com.multisense.testcases.CommandLimitationRulesTest" time="174.409" errors="0" timestamp="2022-05-11T23:19:27 IST" skipped="0">
  <testcase classname="com.multisense.testcases.CommandLimitationRulesTest" name="verifyAndSelectCommandLimitationRule" time="93.997"/>
  <system-out>
    <![CDATA[Starting testcase Verify and Select Command Limitation Rule<br/>]]>
  </system-out>
  <testcase classname="com.multisense.testcases.CommandLimitationRulesTest" name="CreatedCommandLimitationRule" time="8.489"/>
  <system-out>
    <![CDATA[Starting testcase Verify and Select Command Limitation Rule<br/>]]>
  </system-out>
  <testcase classname="com.multisense.testcases.CommandLimitationRulesTest" name="CreatedADDCommandCommandLimitationRule" time="15.692"/>
  <system-out>
    <![CDATA[Starting testcase Create Add Command Limitation Rule<br/>]]>
  </system-out>
  <testcase classname="com.multisense.testcases.CommandLimitationRulesTest" name="activationCommandLimitationRule" time="9.770"/>
  <system-out>
    <![CDATA[Starting testcase Activate Command Limitation Rule<br/>]]>
  </system-out>
  <testcase classname="com.multisense.testcases.CommandLimitationRulesTest" name="editedCommandLimitationRule" time="10.170"/>
  <system-out>
    <![CDATA[Starting testcase Edit Command Limitation Rule<br/>]]>
  </system-out>
  <testcase classname="com.multisense.testcases.CommandLimitationRulesTest" name="changedDaylimitCommandLimitationRule" time="8.837"/>
  <system-out>
    <![CDATA[Starting testcase Change Daily Limit Command Limitation Rule<br/>]]>
  </system-out>
  <testcase classname="com.multisense.testcases.CommandLimitationRulesTest" name="viewPendingChangesCommandLimitationRule" time="13.428"/>
  <system-out>
    <![CDATA[Starting testcase viewPendingChanges Command Limitation Rule<br/>]]>
  </system-out>
  <testcase classname="com.multisense.testcases.CommandLimitationRulesTest" name="removedCommandLimitationRule" time="14.026"/>
  <system-out>
    <![CDATA[Starting testcase Remove Command Limitation Rule<br/>]]>
  </system-out>
</testsuite> <!-- com.multisense.testcases.CommandLimitationRulesTest -->
