<?xml version="1.0" encoding="UTF-8"?>
<!-- Generated by org.testng.reporters.JUnitReportReporter -->
<testsuite hostname="IE1FLT9SR9K63" failures="0" tests="2" name="com.Workspace.testcases.WebservicesTest" time="128.622" errors="0" timestamp="2022-05-11T23:19:27 IST" skipped="0">
  <testcase classname="com.Workspace.testcases.WebservicesTest" name="Webservicesissues" time="124.149"/>
  <system-out>
    <![CDATA[Starting Test case Web Services Issues<br/>]]>
  </system-out>
  <testcase classname="com.Workspace.testcases.WebservicesTest" name="webserviceendpointhistory" time="4.473"/>
  <system-out>
    <![CDATA[Starting Test case Web Services end point history<br/>]]>
  </system-out>
</testsuite> <!-- com.Workspace.testcases.WebservicesTest -->
