<?xml version="1.0" encoding="UTF-8"?>
<!-- Generated by org.testng.reporters.JUnitReportReporter -->
<testsuite hostname="IE1FLT9SR9K63" failures="0" tests="4" name="com.ConnexoAdmin.testcases.WebServiceEndpointsTest" time="93.388" errors="0" timestamp="2022-05-11T23:19:27 IST" skipped="0">
  <testcase classname="com.ConnexoAdmin.testcases.WebServiceEndpointsTest" name="verifyAndSelectWebServiceEndpoints" time="51.231"/>
  <system-out>
    <![CDATA[Starting execution of Instances of Web service endpoints<br/>]]>
  </system-out>
  <testcase classname="com.ConnexoAdmin.testcases.WebServiceEndpointsTest" name="createWebServiceEndpoints" time="20.490"/>
  <system-out>
    <![CDATA[Starting execution of create Web service endpoints<br/>]]>
  </system-out>
  <testcase classname="com.ConnexoAdmin.testcases.WebServiceEndpointsTest" name="activateWSEP" time="9.983"/>
  <system-out>
    <![CDATA[Starting execution of Activating Instances of Web service endpoints<br/>]]>
  </system-out>
  <testcase classname="com.ConnexoAdmin.testcases.WebServiceEndpointsTest" name="DeactivateWSEP" time="11.684"/>
  <system-out>
    <![CDATA[Starting the testcase Deactivate & Removing Instances of Web service endpoints<br/>]]>
  </system-out>
</testsuite> <!-- com.ConnexoAdmin.testcases.WebServiceEndpointsTest -->
