<?xml version="1.0" encoding="UTF-8"?>
<!-- Generated by org.testng.reporters.JUnitReportReporter -->
<testsuite hostname="IE1FLT9SR9K63" failures="0" tests="1" name="com.ConnexoAdmin.testcases.CustomAttributesTest" time="63.119" errors="0" timestamp="2022-05-11T23:19:27 IST" skipped="0">
  <testcase classname="com.ConnexoAdmin.testcases.CustomAttributesTest" name="customattributes" time="63.119"/>
  <system-out>
    <![CDATA[Executing testcase Custom Attribues Test<br/>]]>
  </system-out>
</testsuite> <!-- com.ConnexoAdmin.testcases.CustomAttributesTest -->
