<?xml version="1.0" encoding="UTF-8"?>
<!-- Generated by org.testng.reporters.JUnitReportReporter -->
<testsuite hostname="IE1FLT9SR9K63" failures="0" tests="3" name="com.Workspace.testcases.CommunicationWorkspaceTest" time="160.184" errors="0" timestamp="2022-05-11T23:19:27 IST" skipped="0">
  <testcase classname="com.Workspace.testcases.CommunicationWorkspaceTest" name="clickonCommunications" time="95.235"/>
  <system-out>
    <![CDATA[Starting testcase Verify navigation to communication workspace<br/>]]>
  </system-out>
  <testcase classname="com.Workspace.testcases.CommunicationWorkspaceTest" name="clickonstatusdropdown" time="30.867"/>
  <system-out>
    <![CDATA[ Starting testcase Verify status dropdown in communication workspace<br/>]]>
  </system-out>
  <testcase classname="com.Workspace.testcases.CommunicationWorkspaceTest" name="ClickOnBulkAction" time="34.082"/>
  <system-out>
    <![CDATA[ Starting testcase  Verify bulk action in communication workspace<br/>]]>
  </system-out>
</testsuite> <!-- com.Workspace.testcases.CommunicationWorkspaceTest -->
