<?xml version="1.0" encoding="UTF-8"?>
<!-- Generated by org.testng.reporters.JUnitReportReporter -->
<testsuite hostname="IE1FLT9SR9K63" failures="0" tests="6" name="com.multisense.testcases.CommunicationServersTest" time="145.214" errors="0" timestamp="2022-05-11T23:19:27 IST" skipped="0">
  <testcase classname="com.multisense.testcases.CommunicationServersTest" name="verifyAndSelectCommunicationServer" time="88.148"/>
  <system-out>
    <![CDATA[Starting creation of Communication Servers<br/>]]>
  </system-out>
  <testcase classname="com.multisense.testcases.CommunicationServersTest" name="CreatedOnlineCommunicationServer" time="8.062"/>
  <system-out>
    <![CDATA[Create Online Communication Server<br/>]]>
  </system-out>
  <testcase classname="com.multisense.testcases.CommunicationServersTest" name="activationOnlineCommunicationServer" time="10.448"/>
  <system-out>
    <![CDATA[Activate Online Communication Servers<br/>]]>
  </system-out>
  <testcase classname="com.multisense.testcases.CommunicationServersTest" name="editionOnlineCommunicationServer" time="14.785"/>
  <system-out>
    <![CDATA[Edit Online Communication Servers<br/>]]>
  </system-out>
  <testcase classname="com.multisense.testcases.CommunicationServersTest" name="deactivedOnlineCommunicationServer" time="9.829"/>
  <system-out>
    <![CDATA[Deactivating Online Communication Servers<br/>]]>
  </system-out>
  <testcase classname="com.multisense.testcases.CommunicationServersTest" name="removedOnlineCommunicationServer" time="13.942"/>
  <system-out>
    <![CDATA[Removing Online Communication Servers<br/>]]>
  </system-out>
</testsuite> <!-- com.multisense.testcases.CommunicationServersTest -->
