<?xml version="1.0" encoding="UTF-8"?>
<!-- Generated by org.testng.reporters.JUnitReportReporter -->
<testsuite hostname="IE1FLT9SR9K63" failures="0" tests="2" name="com.ConnexoAdmin.testcases.ReadingTypesTest" time="88.928" errors="0" timestamp="2022-05-11T23:19:27 IST" skipped="0">
  <testcase classname="com.ConnexoAdmin.testcases.ReadingTypesTest" name="verifyReadingTypeSets" time="63.123"/>
  <system-out>
    <![CDATA[Starting testcase Verify Reading type sets <br/>]]>
  </system-out>
  <testcase classname="com.ConnexoAdmin.testcases.ReadingTypesTest" name="AddReadingTypeSetInput" time="25.805"/>
  <system-out>
    <![CDATA[Starting Testcase Add Reading type set input <br/>]]>
  </system-out>
</testsuite> <!-- com.ConnexoAdmin.testcases.ReadingTypesTest -->
