<?xml version="1.0" encoding="UTF-8"?>
<!-- Generated by org.testng.reporters.JUnitReportReporter -->
<testsuite hostname="IE1FLT9SR9K63" failures="0" tests="2" name="com.Workspace.testcases.WorkspaceService_MyOpenIssuesTest" time="109.444" errors="0" timestamp="2022-05-11T23:19:27 IST" skipped="0">
  <testcase classname="com.Workspace.testcases.WorkspaceService_MyOpenIssuesTest" name="clickWorkspace" time="95.530"/>
  <system-out>
    <![CDATA[Staring testcase workspace my open Issues<br/>]]>
  </system-out>
  <testcase classname="com.Workspace.testcases.WorkspaceService_MyOpenIssuesTest" name="clickdropdownAndEnterValue" time="13.914"/>
  <system-out/>
</testsuite> <!-- com.Workspace.testcases.WorkspaceService_MyOpenIssuesTest -->
