<?xml version="1.0" encoding="UTF-8"?>
<!-- Generated by org.testng.reporters.JUnitReportReporter -->
<testsuite hostname="IE1FLT9SR9K63" failures="0" tests="5" name="com.multisense.testcases.LogbookTypesTest" time="122.644" errors="0" timestamp="2022-05-11T23:19:27 IST" skipped="0">
  <testcase classname="com.multisense.testcases.LogbookTypesTest" name="logbooktypes" time="88.536"/>
  <system-out>
    <![CDATA[Starting Test case log book types<br/>]]>
  </system-out>
  <testcase classname="com.multisense.testcases.LogbookTypesTest" name="clickLogbooktypesbutton" time="1.974"/>
  <system-out>
    <![CDATA[Starting Test case Click log book types button<br/>]]>
  </system-out>
  <testcase classname="com.multisense.testcases.LogbookTypesTest" name="addlogbookType" time="2.185"/>
  <system-out>
    <![CDATA[Starting Test case Add log book types button<br/>]]>
  </system-out>
  <testcase classname="com.multisense.testcases.LogbookTypesTest" name="editlogbookType" time="14.870"/>
  <system-out>
    <![CDATA[Starting Test case Edit log book types button<br/>]]>
  </system-out>
  <testcase classname="com.multisense.testcases.LogbookTypesTest" name="removelogbookType" time="15.079"/>
  <system-out>
    <![CDATA[Starting Test case Remove log book types button<br/>]]>
  </system-out>
</testsuite> <!-- com.multisense.testcases.LogbookTypesTest -->
