<?xml version="1.0" encoding="UTF-8"?>
<!-- Generated by org.testng.reporters.JUnitReportReporter -->
<testsuite hostname="IE1FLT9SR9K63" failures="0" tests="3" name="com.ConnexoAdmin.testcases.RelativePeriodTest" time="197.489" errors="0" timestamp="2022-05-11T23:19:27 IST" skipped="0">
  <testcase classname="com.ConnexoAdmin.testcases.RelativePeriodTest" name="verifyRelativePeriodText" time="62.326"/>
  <system-out>
    <![CDATA[Starting testcase Verify  Relative Period  text page<br/>]]>
  </system-out>
  <testcase classname="com.ConnexoAdmin.testcases.RelativePeriodTest" name="AddRelativePeriodData" time="57.484"/>
  <system-out>
    <![CDATA[Starting testcase Verify  Add Relative Period Form Fill page<br/>]]>
  </system-out>
  <testcase classname="com.ConnexoAdmin.testcases.RelativePeriodTest" name="EditRelativePeriodData" time="77.679"/>
  <system-out>
    <![CDATA[Starting testcase Verify  Edit Relative Period Form page <br/>]]>
  </system-out>
</testsuite> <!-- com.ConnexoAdmin.testcases.RelativePeriodTest -->
