<?xml version="1.0" encoding="UTF-8"?>
<!-- Generated by org.testng.reporters.JUnitReportReporter -->
<testsuite hostname="IE1FLT9SR9K63" failures="0" tests="3" name="com.multisense.testcases.DataQualityKPISTest" time="108.993" errors="0" timestamp="2022-05-11T23:19:27 IST" skipped="0">
  <testcase classname="com.multisense.testcases.DataQualityKPISTest" name="verifyAndSelectAddDataQualityKPISPage" time="87.847"/>
  <system-out>
    <![CDATA[Starting testcase Data Quality KPISverify And Change Per Page<br/>]]>
  </system-out>
  <testcase classname="com.multisense.testcases.DataQualityKPISTest" name="createDataQualityKPI" time="12.635"/>
  <system-out>
    <![CDATA[Starting testcase Creating Data Quality KPIs<br/>]]>
  </system-out>
  <testcase classname="com.multisense.testcases.DataQualityKPISTest" name="removedDataQualityKPI" time="8.511"/>
  <system-out>
    <![CDATA[Starting testcase Removing Data Quality KPI<br/>]]>
  </system-out>
</testsuite> <!-- com.multisense.testcases.DataQualityKPISTest -->
