<?xml version="1.0" encoding="UTF-8"?>
<!-- Generated by org.testng.reporters.JUnitReportReporter -->
<testsuite hostname="IE1FLT9SR9K63" failures="0" tests="3" name="com.ConnexoAdmin.testcases.Admin_DataPurgeTest" time="64.884" errors="0" timestamp="2022-05-11T23:19:27 IST" skipped="1">
  <testcase classname="com.ConnexoAdmin.testcases.Admin_DataPurgeTest" name="clickPurgeSetting" time="55.950"/>
  <system-out>
    <![CDATA[Starting testcase Verify Purge Setting page<br/>]]>
  </system-out>
  <testcase classname="com.ConnexoAdmin.testcases.Admin_DataPurgeTest" name="AddRelativePeriodData" time="8.934"/>
  <system-out>
    <![CDATA[Starting testcase Verify Purge Setting page<br/>]]>
  </system-out>
  <testcase classname="com.ConnexoAdmin.testcases.Admin_DataPurgeTest" name="removeRelativePeriodData">
    <skipped/>
  </testcase> <!-- removeRelativePeriodData -->
  <system-out/>
</testsuite> <!-- com.ConnexoAdmin.testcases.Admin_DataPurgeTest -->
