<?xml version="1.0" encoding="UTF-8"?>
<!-- Generated by org.testng.reporters.JUnitReportReporter -->
<testsuite hostname="IE1FLT9SR9K63" failures="0" tests="2" name="com.ConnexoAdmin.testcases.TaskOverViewTest" time="99.350" errors="0" timestamp="2022-05-11T23:19:27 IST" skipped="0">
  <testcase classname="com.ConnexoAdmin.testcases.TaskOverViewTest" name="verifyAndSelectTaskOverView" time="73.672"/>
  <system-out>
    <![CDATA[Starting Select Task overview<br/>]]>
  </system-out>
  <testcase classname="com.ConnexoAdmin.testcases.TaskOverViewTest" name="ApplyTaskOverView" time="25.678"/>
  <system-out>
    <![CDATA[Starting Task Overview testcase<br/>]]>
  </system-out>
</testsuite> <!-- com.ConnexoAdmin.testcases.TaskOverViewTest -->
