<?xml version="1.0" encoding="UTF-8"?>
<!-- Generated by org.testng.reporters.JUnitReportReporter -->
<testsuite hostname="IE1FLT9SR9K63" failures="0" tests="8" name="com.multisense.testcases.ValidatioRuleSetTest" time="179.861" errors="0" timestamp="2022-05-11T23:19:27 IST" skipped="0">
  <testcase classname="com.multisense.testcases.ValidatioRuleSetTest" name="verifyandSelectValidationRuleSet" time="88.786"/>
  <system-out>
    <![CDATA[Starting Test case  Validation rule Set<br/>]]>
  </system-out>
  <testcase classname="com.multisense.testcases.ValidatioRuleSetTest" name="CreateValidationRuleSet" time="0.449"/>
  <system-out>
    <![CDATA[Starting Test case  Create Validation rule Set<br/>]]>
  </system-out>
  <testcase classname="com.multisense.testcases.ValidatioRuleSetTest" name="addValidationRuleSet" time="6.904"/>
  <system-out>
    <![CDATA[Starting Test case  Create Validation rule Set<br/>]]>
  </system-out>
  <testcase classname="com.multisense.testcases.ValidatioRuleSetTest" name="CreateValidtionruleSetVersion" time="57.901"/>
  <system-out>
    <![CDATA[Starting Test case  Create Validation rule Set version<br/>]]>
  </system-out>
  <testcase classname="com.multisense.testcases.ValidatioRuleSetTest" name="editValidationruleSet" time="8.729"/>
  <system-out>
    <![CDATA[Starting Test case  Edit Validation rule Set version<br/>]]>
  </system-out>
  <testcase classname="com.multisense.testcases.ValidatioRuleSetTest" name="createandeditValidationruleSet" time="0.543"/>
  <system-out>
    <![CDATA[Starting Test case  Edit Validation rule Set version<br/>]]>
  </system-out>
  <testcase classname="com.multisense.testcases.ValidatioRuleSetTest" name="savevalidationRuleSet" time="5.911"/>
  <system-out>
    <![CDATA[Starting Test case  Save Validation rule Set version<br/>]]>
  </system-out>
  <testcase classname="com.multisense.testcases.ValidatioRuleSetTest" name="removevalidationRuleset" time="10.638"/>
  <system-out>
    <![CDATA[Starting Test case  Remove Validation rule Set version<br/>]]>
  </system-out>
</testsuite> <!-- com.multisense.testcases.ValidatioRuleSetTest -->
