<?xml version="1.0" encoding="UTF-8"?>
<!-- Generated by org.testng.reporters.JUnitReportReporter -->
<testsuite hostname="IE1FLT9SR9K63" failures="0" tests="7" name="com.multisense.testcases.SharedCommunicationSchedulesTest" time="241.017" errors="0" timestamp="2022-05-11T23:19:27 IST" skipped="0">
  <testcase classname="com.multisense.testcases.SharedCommunicationSchedulesTest" name="verifyAndSelectSharedCommunicationSchedulesPage" time="93.483"/>
  <system-out>
    <![CDATA[Starting Test case Select Shared Communication Schedule<br/>]]>
  </system-out>
  <testcase classname="com.multisense.testcases.SharedCommunicationSchedulesTest" name="CreatedSharedCommunicationSchedulesPage" time="22.439"/>
  <system-out>
    <![CDATA[Starting Test case Create Shared Communication Schedule<br/>]]>
  </system-out>
  <testcase classname="com.multisense.testcases.SharedCommunicationSchedulesTest" name="CheckandCreatedSCSCommunicationTask" time="50.825"/>
  <system-out>
    <![CDATA[Starting Test case Verify Shared Communication Schedule<br/>]]>
  </system-out>
  <testcase classname="com.multisense.testcases.SharedCommunicationSchedulesTest" name="ClonedSharedCommunicationSchedulesPage" time="18.699"/>
  <system-out>
    <![CDATA[Starting Test case Clone Shared Communication Schedule<br/>]]>
  </system-out>
  <testcase classname="com.multisense.testcases.SharedCommunicationSchedulesTest" name="AddClonedSharedCommunicationSchedulesPage" time="22.111"/>
  <system-out>
    <![CDATA[Starting Test case Adding Clone Shared Communication Schedule<br/>]]>
  </system-out>
  <testcase classname="com.multisense.testcases.SharedCommunicationSchedulesTest" name="RemovedClonedSharedCommunicationSchedulesPage" time="16.067"/>
  <system-out>
    <![CDATA[Starting Test case Remove Clone Shared Communication Schedule<br/>]]>
  </system-out>
  <testcase classname="com.multisense.testcases.SharedCommunicationSchedulesTest" name="RemovedSharedCommunicationSchedulesPage" time="17.393"/>
  <system-out>
    <![CDATA[Starting Test case Remove Shared Communication Schedule<br/>]]>
  </system-out>
</testsuite> <!-- com.multisense.testcases.SharedCommunicationSchedulesTest -->
