<?xml version="1.0" encoding="UTF-8"?>
<!-- Generated by org.testng.reporters.JUnitReportReporter -->
<testsuite hostname="IE1FLT9SR9K63" failures="0" tests="5" name="com.multisense.testcases.RegisterTypeTest" time="120.489" errors="0" timestamp="2022-05-11T23:19:27 IST" skipped="0">
  <testcase classname="com.multisense.testcases.RegisterTypeTest" name="RegisterType" time="87.565"/>
  <system-out>
    <![CDATA[Starting Testcase Register Type<br/>]]>
  </system-out>
  <testcase classname="com.multisense.testcases.RegisterTypeTest" name="AddRegistertypebutton" time="1.812"/>
  <system-out>
    <![CDATA[Starting Testcase Add Register Type<br/>]]>
  </system-out>
  <testcase classname="com.multisense.testcases.RegisterTypeTest" name="clicAddRegistertypename" time="4.694"/>
  <system-out>
    <![CDATA[Starting Testcase Add Register Type name<br/>]]>
  </system-out>
  <testcase classname="com.multisense.testcases.RegisterTypeTest" name="editregistertype" time="13.680"/>
  <system-out>
    <![CDATA[Starting Testcase Edit Register Type name<br/>]]>
  </system-out>
  <testcase classname="com.multisense.testcases.RegisterTypeTest" name="removeRegistertype" time="12.738"/>
  <system-out>
    <![CDATA[Starting Testcase Remove Register Type name<br/>]]>
  </system-out>
</testsuite> <!-- com.multisense.testcases.RegisterTypeTest -->
