<?xml version="1.0" encoding="UTF-8"?>
<!-- Generated by org.testng.reporters.JUnitReportReporter -->
<testsuite hostname="IE1FLT9SR9K63" failures="0" tests="2" name="com.ConnexoAdmin.testcases.ServiceCallTypeTest" time="60.917" errors="0" timestamp="2022-05-11T23:19:27 IST" skipped="0">
  <testcase classname="com.ConnexoAdmin.testcases.ServiceCallTypeTest" name="verifyNavigationToServiceCallTypePage" time="52.769"/>
  <system-out>
    <![CDATA[Starting testcase verify Navigation To ServiceCall Type Page<br/>]]>
  </system-out>
  <testcase classname="com.ConnexoAdmin.testcases.ServiceCallTypeTest" name="selectserviceTypecall" time="8.148"/>
  <system-out>
    <![CDATA[Starting testcase select service Type call<br/>]]>
  </system-out>
</testsuite> <!-- com.ConnexoAdmin.testcases.ServiceCallTypeTest -->
