<?xml version="1.0" encoding="UTF-8"?>
<!-- Generated by org.testng.reporters.JUnitReportReporter -->
<testsuite hostname="IE1FLT9SR9K63" failures="0" tests="11" name="com.Dashboard.testcases.DashboardTest" time="182.673" errors="0" timestamp="2022-05-11T23:19:27 IST" skipped="0">
  <testcase classname="com.Dashboard.testcases.DashboardTest" name="clickIssuedropdown" time="82.324"/>
  <system-out>
    <![CDATA[Dashboard - Click Issue dropdown<br/>]]>
  </system-out>
  <testcase classname="com.Dashboard.testcases.DashboardTest" name="clickdevicegroupfilter" time="7.149"/>
  <system-out>
    <![CDATA[Dashboard - Click device group filter<br/>]]>
  </system-out>
  <testcase classname="com.Dashboard.testcases.DashboardTest" name="clicksuccessfulactiveconnections" time="6.841"/>
  <system-out>
    <![CDATA[Dashboard - clicksuccessfulactiveconnections<br/>]]>
  </system-out>
  <testcase classname="com.Dashboard.testcases.DashboardTest" name="clickongoingactiveconnections" time="14.184"/>
  <system-out>
    <![CDATA[Dashboard - clickongoingactiveconnections<br/>]]>
  </system-out>
  <testcase classname="com.Dashboard.testcases.DashboardTest" name="clickfailedactiveconnections" time="9.459"/>
  <system-out>
    <![CDATA[Dashboard - clickfailedactiveconnections<br/>]]>
  </system-out>
  <testcase classname="com.Dashboard.testcases.DashboardTest" name="clickviewconnections" time="11.250"/>
  <system-out>
    <![CDATA[Dashboard - clickviewconnections<br/>]]>
  </system-out>
  <testcase classname="com.Dashboard.testcases.DashboardTest" name="clicksuccessfulactivecommunicactions" time="7.388"/>
  <system-out>
    <![CDATA[Dashboard - clicksuccessfulactivecommunications<br/>]]>
  </system-out>
  <testcase classname="com.Dashboard.testcases.DashboardTest" name="clickongoingactivecommunicactions" time="7.285"/>
  <system-out>
    <![CDATA[Dashboard - clickongoingactivecommunicactions<br/>]]>
  </system-out>
  <testcase classname="com.Dashboard.testcases.DashboardTest" name="clickfailedcommunicactions" time="12.331"/>
  <system-out>
    <![CDATA[Dashboard - clickfailedcommunicactions<br/>]]>
  </system-out>
  <testcase classname="com.Dashboard.testcases.DashboardTest" name="clickviewcommunicactions" time="12.405"/>
  <system-out>
    <![CDATA[Dashboard - clickviewcommunicactions<br/>]]>
  </system-out>
  <testcase classname="com.Dashboard.testcases.DashboardTest" name="clickmanagecommunicactionserver" time="12.057"/>
  <system-out>
    <![CDATA[Dashboard - clickmanagecommunicactionserver<br/>]]>
  </system-out>
</testsuite> <!-- com.Dashboard.testcases.DashboardTest -->
