<?xml version="1.0" encoding="UTF-8"?>
<!-- Generated by org.testng.reporters.JUnitReportReporter -->
<testsuite hostname="IE1FLT9SR9K63" failures="0" tests="1" name="com.Workspace.testcases.DataValidationIssuesTest" time="100.002" errors="0" timestamp="2022-05-11T23:19:27 IST" skipped="0">
  <testcase classname="com.Workspace.testcases.DataValidationIssuesTest" name="ApplyDataValidationIssues" time="100.002"/>
  <system-out>
    <![CDATA[Starting Test case Apply Data Validation Issues<br/>]]>
  </system-out>
</testsuite> <!-- com.Workspace.testcases.DataValidationIssuesTest -->
