<?xml version="1.0" encoding="UTF-8"?>
<!-- Generated by org.testng.reporters.JUnitReportReporter -->
<testsuite hostname="IE1FLT9SR9K63" failures="0" tests="5" name="com.multisense.testcases.CommunicationTasksTest" time="126.612" errors="0" timestamp="2022-05-11T23:19:27 IST" skipped="0">
  <testcase classname="com.multisense.testcases.CommunicationTasksTest" name="ChangeTaskperpage" time="94.012"/>
  <system-out>
    <![CDATA[Starting Change Communication Task per page test case<br/>]]>
  </system-out>
  <testcase classname="com.multisense.testcases.CommunicationTasksTest" name="verifyAndSelectCommunicationTask" time="0.181"/>
  <system-out>
    <![CDATA[Starting Select Communication Task test case<br/>]]>
  </system-out>
  <testcase classname="com.multisense.testcases.CommunicationTasksTest" name="CreatedCommunicationTask" time="10.613"/>
  <system-out>
    <![CDATA[Starting Create Communication Task test case<br/>]]>
  </system-out>
  <testcase classname="com.multisense.testcases.CommunicationTasksTest" name="CreatedCommonCategories" time="9.320"/>
  <system-out>
    <![CDATA[Starting Create Commom Categories test case<br/>]]>
  </system-out>
  <testcase classname="com.multisense.testcases.CommunicationTasksTest" name="CheckActivityCalenderCommonCategories" time="12.486"/>
  <system-out>
    <![CDATA[Starting Check Activity Calender Common Categories<br/>]]>
  </system-out>
</testsuite> <!-- com.multisense.testcases.CommunicationTasksTest -->
