<?xml version="1.0" encoding="UTF-8"?>
<!-- Generated by org.testng.reporters.JUnitReportReporter -->
<testsuite hostname="IE1FLT9SR9K63" failures="0" tests="4" name="com.Workspace.testcases.CommandWorkspaceTest" time="97.872" errors="0" timestamp="2022-05-11T23:19:27 IST" skipped="0">
  <testcase classname="com.Workspace.testcases.CommandWorkspaceTest" name="clickcommands" time="83.257"/>
  <system-out>
    <![CDATA[Starting testcase Verify navigation to command workspace<br/>]]>
  </system-out>
  <testcase classname="com.Workspace.testcases.CommandWorkspaceTest" name="addcommands" time="2.177"/>
  <system-out>
    <![CDATA[ Starting testcase  Verify add commands in command workspace<br/>]]>
  </system-out>
  <testcase classname="com.Workspace.testcases.CommandWorkspaceTest" name="selectDevicegroup" time="3.339"/>
  <system-out>
    <![CDATA[ Starting testcase  Select Device group<br/>]]>
  </system-out>
  <testcase classname="com.Workspace.testcases.CommandWorkspaceTest" name="selectcommand" time="9.099"/>
  <system-out>
    <![CDATA[ Starting testcase to Verify add commands in command workspace<br/>]]>
  </system-out>
</testsuite> <!-- com.Workspace.testcases.CommandWorkspaceTest -->
