<?xml version="1.0" encoding="UTF-8"?>
<!-- Generated by org.testng.reporters.JUnitReportReporter -->
<testsuite hostname="IE1FLT9SR9K63" failures="0" tests="5" name="com.multisense.testcases.RegistergroupTest" time="132.473" errors="0" timestamp="2022-05-11T23:19:27 IST" skipped="0">
  <testcase classname="com.multisense.testcases.RegistergroupTest" name="Registergroups" time="89.429"/>
  <system-out>
    <![CDATA[Starting Test case Register gropus<br/>]]>
  </system-out>
  <testcase classname="com.multisense.testcases.RegistergroupTest" name="AddRegisterButton" time="1.611"/>
  <system-out>
    <![CDATA[Starting Test case Add Register gropus<br/>]]>
  </system-out>
  <testcase classname="com.multisense.testcases.RegistergroupTest" name="clicAddRegisterGroupname" time="2.451"/>
  <system-out>
    <![CDATA[Starting Test case Click Add Register gropus<br/>]]>
  </system-out>
  <testcase classname="com.multisense.testcases.RegistergroupTest" name="editRegistergroup" time="18.410"/>
  <system-out>
    <![CDATA[Starting Test case Edit Register gropus<br/>]]>
  </system-out>
  <testcase classname="com.multisense.testcases.RegistergroupTest" name="removeregistergroup" time="20.572"/>
  <system-out>
    <![CDATA[Starting Test case Remove Register gropus<br/>]]>
  </system-out>
</testsuite> <!-- com.multisense.testcases.RegistergroupTest -->
